<?xml version="1.0" encoding="UTF-8"?>
<!-- Generated by org.testng.reporters.JUnitReportReporter -->
<testsuite hostname="Vilmis-PC" failures="0" tests="3" name="suiteRunners.RunWeatherByNameTestSuite" time="2.617" errors="0" timestamp="06 birÅ¾. 2019 17:38:39 GMT" skipped="0">
  <testcase classname="suiteRunners.RunWeatherByNameTestSuite" name="runScenario" time="2.386"/>
  <testcase classname="suiteRunners.RunWeatherByNameTestSuite" name="runScenario" time="0.123"/>
  <testcase classname="suiteRunners.RunWeatherByNameTestSuite" name="runScenario" time="0.108"/>
</testsuite> <!-- suiteRunners.RunWeatherByNameTestSuite -->
