<?xml version="1.0" encoding="UTF-8"?>
<!-- Generated by org.testng.reporters.JUnitReportReporter -->
<testsuite hostname="Vilmis-PC" failures="0" tests="1" name="suiteRunners.RunNameTestSuite" time="0.153" errors="0" timestamp="06 birÅ¾. 2019 10:32:34 GMT" skipped="1">
  <testcase classname="suiteRunners.RunNameTestSuite" name="runScenario" time="0.153">
    <skipped/>
  </testcase> <!-- runScenario -->
</testsuite> <!-- suiteRunners.RunNameTestSuite -->
