<?xml version="1.0" encoding="UTF-8"?>
<!-- Generated by org.testng.reporters.JUnitReportReporter -->
<testsuite hostname="Vilmis-PC" failures="0" tests="3" name="suiteRunners.RunWeatherByNameTestSuite" time="2.498" errors="0" timestamp="06 birÅ¾. 2019 17:35:54 GMT" skipped="0">
  <testcase classname="suiteRunners.RunWeatherByNameTestSuite" name="runScenario" time="0.117"/>
  <testcase classname="suiteRunners.RunWeatherByNameTestSuite" name="runScenario" time="0.097"/>
  <testcase classname="suiteRunners.RunWeatherByNameTestSuite" name="runScenario" time="2.284"/>
</testsuite> <!-- suiteRunners.RunWeatherByNameTestSuite -->
