<?xml version="1.0" encoding="UTF-8"?>
<!-- Generated by org.testng.reporters.JUnitReportReporter -->
<testsuite hostname="Vilmis-PC" failures="0" tests="1" name="suiteRunners.RunWeatherByIdTestSuite" time="0.178" errors="0" timestamp="06 birÅ¾. 2019 17:35:54 GMT" skipped="0">
  <testcase classname="suiteRunners.RunWeatherByIdTestSuite" name="runScenario" time="0.178"/>
</testsuite> <!-- suiteRunners.RunWeatherByIdTestSuite -->
